<?xml version="1.0" encoding="UTF-8"?>
<testsuite xmlns:xsi="http://www.w3.org/2001/XMLSchema-instance" xsi:noNamespaceSchemaLocation="https://maven.apache.org/surefire/maven-surefire-plugin/xsd/surefire-test-report-3.0.xsd" version="3.0" name="hellocucumber.RunCucumberTest" time="0.255" tests="6" errors="2" skipped="0" failures="1">
  <properties>
    <property name="java.specification.version" value="17"/>
    <property name="sun.cpu.isalist" value="amd64"/>
    <property name="sun.jnu.encoding" value="Cp1252"/>
    <property name="java.class.path" value="C:\Users\k\dev\java\cucumber\hellocucumber\target\test-classes;C:\Users\k\dev\java\cucumber\hellocucumber\target\classes;C:\Users\k\.m2\repository\io\cucumber\cucumber-java\7.18.0\cucumber-java-7.18.0.jar;C:\Users\k\.m2\repository\io\cucumber\cucumber-core\7.18.0\cucumber-core-7.18.0.jar;C:\Users\k\.m2\repository\io\cucumber\cucumber-gherkin\7.18.0\cucumber-gherkin-7.18.0.jar;C:\Users\k\.m2\repository\io\cucumber\cucumber-gherkin-messages\7.18.0\cucumber-gherkin-messages-7.18.0.jar;C:\Users\k\.m2\repository\io\cucumber\gherkin\28.0.0\gherkin-28.0.0.jar;C:\Users\k\.m2\repository\io\cucumber\messages\24.1.0\messages-24.1.0.jar;C:\Users\k\.m2\repository\io\cucumber\testng-xml-formatter\0.1.0\testng-xml-formatter-0.1.0.jar;C:\Users\k\.m2\repository\io\cucumber\query\12.1.2\query-12.1.2.jar;C:\Users\k\.m2\repository\io\cucumber\tag-expressions\6.1.0\tag-expressions-6.1.0.jar;C:\Users\k\.m2\repository\io\cucumber\cucumber-expressions\17.1.0\cucumber-expressions-17.1.0.jar;C:\Users\k\.m2\repository\io\cucumber\datatable\7.18.0\datatable-7.18.0.jar;C:\Users\k\.m2\repository\io\cucumber\cucumber-plugin\7.18.0\cucumber-plugin-7.18.0.jar;C:\Users\k\.m2\repository\io\cucumber\docstring\7.18.0\docstring-7.18.0.jar;C:\Users\k\.m2\repository\io\cucumber\html-formatter\21.3.1\html-formatter-21.3.1.jar;C:\Users\k\.m2\repository\io\cucumber\junit-xml-formatter\0.4.0\junit-xml-formatter-0.4.0.jar;C:\Users\k\.m2\repository\io\cucumber\ci-environment\10.0.1\ci-environment-10.0.1.jar;C:\Users\k\.m2\repository\org\apiguardian\apiguardian-api\1.1.2\apiguardian-api-1.1.2.jar;C:\Users\k\.m2\repository\io\cucumber\cucumber-junit-platform-engine\7.18.0\cucumber-junit-platform-engine-7.18.0.jar;C:\Users\k\.m2\repository\org\junit\platform\junit-platform-engine\1.10.2\junit-platform-engine-1.10.2.jar;C:\Users\k\.m2\repository\org\opentest4j\opentest4j\1.3.0\opentest4j-1.3.0.jar;C:\Users\k\.m2\repository\org\junit\platform\junit-platform-commons\1.10.2\junit-platform-commons-1.10.2.jar;C:\Users\k\.m2\repository\org\junit\platform\junit-platform-suite\1.10.2\junit-platform-suite-1.10.2.jar;C:\Users\k\.m2\repository\org\junit\platform\junit-platform-suite-api\1.10.2\junit-platform-suite-api-1.10.2.jar;C:\Users\k\.m2\repository\org\junit\platform\junit-platform-suite-engine\1.10.2\junit-platform-suite-engine-1.10.2.jar;C:\Users\k\.m2\repository\org\junit\platform\junit-platform-suite-commons\1.10.2\junit-platform-suite-commons-1.10.2.jar;C:\Users\k\.m2\repository\org\junit\platform\junit-platform-launcher\1.10.2\junit-platform-launcher-1.10.2.jar;C:\Users\k\.m2\repository\org\junit\jupiter\junit-jupiter\5.10.2\junit-jupiter-5.10.2.jar;C:\Users\k\.m2\repository\org\junit\jupiter\junit-jupiter-api\5.10.2\junit-jupiter-api-5.10.2.jar;C:\Users\k\.m2\repository\org\junit\jupiter\junit-jupiter-params\5.10.2\junit-jupiter-params-5.10.2.jar;C:\Users\k\.m2\repository\org\junit\jupiter\junit-jupiter-engine\5.10.2\junit-jupiter-engine-5.10.2.jar;"/>
    <property name="java.vm.vendor" value="Oracle Corporation"/>
    <property name="sun.arch.data.model" value="64"/>
    <property name="user.variant" value=""/>
    <property name="java.vendor.url" value="https://java.oracle.com/"/>
    <property name="user.timezone" value="Europe/Paris"/>
    <property name="os.name" value="Windows 11"/>
    <property name="java.vm.specification.version" value="17"/>
    <property name="sun.java.launcher" value="SUN_STANDARD"/>
    <property name="user.country" value="FR"/>
    <property name="sun.boot.library.path" value="C:\Program Files\Java\jdk-17\bin"/>
    <property name="sun.java.command" value="C:\Users\k\AppData\Local\Temp\surefire15771500625168150283\surefirebooter-20240716004356951_3.jar C:\Users\k\AppData\Local\Temp\surefire15771500625168150283 2024-07-16T00-43-56_632-jvmRun1 surefire-20240716004356951_1tmp surefire_0-20240716004356951_2tmp"/>
    <property name="jdk.debug" value="release"/>
    <property name="surefire.test.class.path" value="C:\Users\k\dev\java\cucumber\hellocucumber\target\test-classes;C:\Users\k\dev\java\cucumber\hellocucumber\target\classes;C:\Users\k\.m2\repository\io\cucumber\cucumber-java\7.18.0\cucumber-java-7.18.0.jar;C:\Users\k\.m2\repository\io\cucumber\cucumber-core\7.18.0\cucumber-core-7.18.0.jar;C:\Users\k\.m2\repository\io\cucumber\cucumber-gherkin\7.18.0\cucumber-gherkin-7.18.0.jar;C:\Users\k\.m2\repository\io\cucumber\cucumber-gherkin-messages\7.18.0\cucumber-gherkin-messages-7.18.0.jar;C:\Users\k\.m2\repository\io\cucumber\gherkin\28.0.0\gherkin-28.0.0.jar;C:\Users\k\.m2\repository\io\cucumber\messages\24.1.0\messages-24.1.0.jar;C:\Users\k\.m2\repository\io\cucumber\testng-xml-formatter\0.1.0\testng-xml-formatter-0.1.0.jar;C:\Users\k\.m2\repository\io\cucumber\query\12.1.2\query-12.1.2.jar;C:\Users\k\.m2\repository\io\cucumber\tag-expressions\6.1.0\tag-expressions-6.1.0.jar;C:\Users\k\.m2\repository\io\cucumber\cucumber-expressions\17.1.0\cucumber-expressions-17.1.0.jar;C:\Users\k\.m2\repository\io\cucumber\datatable\7.18.0\datatable-7.18.0.jar;C:\Users\k\.m2\repository\io\cucumber\cucumber-plugin\7.18.0\cucumber-plugin-7.18.0.jar;C:\Users\k\.m2\repository\io\cucumber\docstring\7.18.0\docstring-7.18.0.jar;C:\Users\k\.m2\repository\io\cucumber\html-formatter\21.3.1\html-formatter-21.3.1.jar;C:\Users\k\.m2\repository\io\cucumber\junit-xml-formatter\0.4.0\junit-xml-formatter-0.4.0.jar;C:\Users\k\.m2\repository\io\cucumber\ci-environment\10.0.1\ci-environment-10.0.1.jar;C:\Users\k\.m2\repository\org\apiguardian\apiguardian-api\1.1.2\apiguardian-api-1.1.2.jar;C:\Users\k\.m2\repository\io\cucumber\cucumber-junit-platform-engine\7.18.0\cucumber-junit-platform-engine-7.18.0.jar;C:\Users\k\.m2\repository\org\junit\platform\junit-platform-engine\1.10.2\junit-platform-engine-1.10.2.jar;C:\Users\k\.m2\repository\org\opentest4j\opentest4j\1.3.0\opentest4j-1.3.0.jar;C:\Users\k\.m2\repository\org\junit\platform\junit-platform-commons\1.10.2\junit-platform-commons-1.10.2.jar;C:\Users\k\.m2\repository\org\junit\platform\junit-platform-suite\1.10.2\junit-platform-suite-1.10.2.jar;C:\Users\k\.m2\repository\org\junit\platform\junit-platform-suite-api\1.10.2\junit-platform-suite-api-1.10.2.jar;C:\Users\k\.m2\repository\org\junit\platform\junit-platform-suite-engine\1.10.2\junit-platform-suite-engine-1.10.2.jar;C:\Users\k\.m2\repository\org\junit\platform\junit-platform-suite-commons\1.10.2\junit-platform-suite-commons-1.10.2.jar;C:\Users\k\.m2\repository\org\junit\platform\junit-platform-launcher\1.10.2\junit-platform-launcher-1.10.2.jar;C:\Users\k\.m2\repository\org\junit\jupiter\junit-jupiter\5.10.2\junit-jupiter-5.10.2.jar;C:\Users\k\.m2\repository\org\junit\jupiter\junit-jupiter-api\5.10.2\junit-jupiter-api-5.10.2.jar;C:\Users\k\.m2\repository\org\junit\jupiter\junit-jupiter-params\5.10.2\junit-jupiter-params-5.10.2.jar;C:\Users\k\.m2\repository\org\junit\jupiter\junit-jupiter-engine\5.10.2\junit-jupiter-engine-5.10.2.jar;"/>
    <property name="sun.cpu.endian" value="little"/>
    <property name="user.home" value="C:\Users\k"/>
    <property name="user.language" value="fr"/>
    <property name="java.specification.vendor" value="Oracle Corporation"/>
    <property name="java.version.date" value="2024-01-16"/>
    <property name="java.home" value="C:\Program Files\Java\jdk-17"/>
    <property name="file.separator" value="\"/>
    <property name="basedir" value="C:\Users\k\dev\java\cucumber\hellocucumber"/>
    <property name="java.vm.compressedOopsMode" value="Zero based"/>
    <property name="line.separator" value="&#10;"/>
    <property name="java.vm.specification.vendor" value="Oracle Corporation"/>
    <property name="java.specification.name" value="Java Platform API Specification"/>
    <property name="surefire.real.class.path" value="C:\Users\k\AppData\Local\Temp\surefire15771500625168150283\surefirebooter-20240716004356951_3.jar"/>
    <property name="user.script" value=""/>
    <property name="sun.management.compiler" value="HotSpot 64-Bit Tiered Compilers"/>
    <property name="java.runtime.version" value="17.0.10+11-LTS-240"/>
    <property name="user.name" value="k"/>
    <property name="path.separator" value=";"/>
    <property name="os.version" value="10.0"/>
    <property name="java.runtime.name" value="Java(TM) SE Runtime Environment"/>
    <property name="file.encoding" value="Cp1252"/>
    <property name="java.vm.name" value="Java HotSpot(TM) 64-Bit Server VM"/>
    <property name="localRepository" value="C:\Users\k\.m2\repository"/>
    <property name="java.vendor.url.bug" value="https://bugreport.java.com/bugreport/"/>
    <property name="java.io.tmpdir" value="C:\Users\k\AppData\Local\Temp\"/>
    <property name="java.version" value="17.0.10"/>
    <property name="user.dir" value="C:\Users\k\dev\java\cucumber\hellocucumber"/>
    <property name="os.arch" value="amd64"/>
    <property name="java.vm.specification.name" value="Java Virtual Machine Specification"/>
    <property name="sun.os.patch.level" value=""/>
    <property name="native.encoding" value="Cp1252"/>
    <property name="java.library.path" value="C:\Program Files\Java\jdk-17\bin;C:\WINDOWS\Sun\Java\bin;C:\WINDOWS\system32;C:\WINDOWS;C:\Program Files\Common Files\Oracle\Java\javapath;C:\Program Files\Python312\Scripts\;C:\Program Files\Python312\;C:\Program Files\Alacritty\;C:\Program Files (x86)\Common Files\Oracle\Java\javapath;C:\Windows\system32;C:\Windows;C:\Users\k\AppData\Local\Programs\Python\Python310\Scripts;C:\Windows\System32\Wbem;C:\Windows\System32\WindowsPowerShell\v1.0\;C:\Windows\System32\OpenSSH\;C:\Program Files (x86)\NVIDIA Corporation\PhysX\Common;C:\Program Files\NVIDIA Corporation\NVIDIA NvDLISR;C:\WINDOWS\system32;C:\WINDOWS;C:\WINDOWS\System32\Wbem;C:\WINDOWS\System32\WindowsPowerShell\v1.0\;C:\WINDOWS\System32\OpenSSH\;C:\Program Files\Git\cmd;C:\MinGW\bin;C:\ProgramData\chocolatey\bin;C:\Program Files\OpenJDK\openjdk-11.0.15_10\bin;C:\Program Files\PostgreSQL\14\bin;C:\ProgramData\ComposerSetup\bin;C:\WINDOWS\system32;C:\WINDOWS;C:\WINDOWS\System32\Wbem;C:\WINDOWS\System32\WindowsPowerShell\v1.0\;C:\WINDOWS\System32\OpenSSH\;C:\Program Files\dotnet\;C:\Program Files\Docker\Docker\resources\bin;C:\Program Files\Calibre2\;C:\Program Files\nodejs\;C:\Users\k\Downloads\apache-maven-3.9.7-bin\apache-maven-3.9.7\bin;C:\Users\k\AppData\Local\pnpm;C:\Users\k\.cargo\bin;C:\Program Files (x86)\VMware\VMware Workstation\bin\;C:\Program Files (x86)\Common Files\Oracle\Java\javapath;C:\Windows\system32;C:\Windows;C:\Windows\System32\Wbem;C:\Windows\System32\WindowsPowerShell\v1.0\;C:\Windows\System32\OpenSSH\;C:\Program Files (x86)\NVIDIA Corporation\PhysX\Common;C:\Program Files\NVIDIA Corporation\NVIDIA NvDLISR;C:\WINDOWS\system32;C:\WINDOWS;C:\WINDOWS\System32\Wbem;C:\WINDOWS\System32\WindowsPowerShell\v1.0\;C:\WINDOWS\System32\OpenSSH\;C:\MinGW\bin;C:\Program Files\Git\cmd;C:\Program Files (x86)\dotnet\;C:\Program Files\Docker\Docker\resources\bin;C:\ProgramData\DockerDesktop\version-bin;C:\Program Files\nodejs\;C:\ProgramData\chocolatey\bin;C:\Program Files\OpenJDK\openjdk-11.0.15_10\bin;C:\Program Files\PostgreSQL\14\bin;C:\ProgramData\ComposerSetup\bin;C:\Users\k\Downloads\openjfx-19_windows-x64_bin-sdk\javafx-sdk-19;C:\xampp\php;C:\Users\k\AppData\Roaming\Composer\vendor\bin;C:\Users\k\AppData\Local\Programs\Microsoft VS Code\bin;C:\User;C:\Program Files\JetBrains\IntelliJ IDEA 2024.1.3\bin;;C:\Program Files\Graphviz\bin;C:\Program Files\JetBrains\DataGrip 2023.1.2\bin;;C:\Users\k\AppData\Local\Microsoft\WindowsApps;C:\mingw64\bin;C:\Users\k\AppData\Roaming\npm;C:\Users\k\Downloads\apache-maven-3.9.7-src\apache-maven-3.9.7\bin;;."/>
    <property name="java.vm.info" value="mixed mode, sharing"/>
    <property name="java.vendor" value="Oracle Corporation"/>
    <property name="java.vm.version" value="17.0.10+11-LTS-240"/>
    <property name="sun.io.unicode.encoding" value="UnicodeLittle"/>
    <property name="java.class.version" value="61.0"/>
  </properties>
  <testcase name="Example #1.1" classname="Examples" time="0.06">
    <system-out><![CDATA[
Scenario Outline: Today is or is not Friday &amp#27;[90m# hellocucumber/is_it_friday_yet.feature:11&amp#27;[0m
  &amp#27;[32mGiven &amp#27;[0m&amp#27;[32mtoday is &amp#27;[0m&amp#27;[32m&amp#27;[1m"Friday"&amp#27;[0m                   &amp#27;[90m# hellocucumber.StepDefinitions.today_is(java.lang.String)&amp#27;[0m
  &amp#27;[32mWhen &amp#27;[0m&amp#27;[32mI ask whether it's Friday yet&amp#27;[0m        &amp#27;[90m# hellocucumber.StepDefinitions.i_ask_whether_it_s_Friday_yet()&amp#27;[0m
  &amp#27;[32mThen &amp#27;[0m&amp#27;[32mI should be told &amp#27;[0m&amp#27;[32m&amp#27;[1m"TGIF"&amp#27;[0m              &amp#27;[90m# hellocucumber.StepDefinitions.i_should_be_told(java.lang.String)&amp#27;[0m
]]></system-out>
  </testcase>
  <testcase name="Example #1.2" classname="Examples" time="0.003">
    <system-out><![CDATA[
Scenario Outline: Today is or is not Friday &amp#27;[90m# hellocucumber/is_it_friday_yet.feature:12&amp#27;[0m
  &amp#27;[32mGiven &amp#27;[0m&amp#27;[32mtoday is &amp#27;[0m&amp#27;[32m&amp#27;[1m"Sunday"&amp#27;[0m                   &amp#27;[90m# hellocucumber.StepDefinitions.today_is(java.lang.String)&amp#27;[0m
  &amp#27;[32mWhen &amp#27;[0m&amp#27;[32mI ask whether it's Friday yet&amp#27;[0m        &amp#27;[90m# hellocucumber.StepDefinitions.i_ask_whether_it_s_Friday_yet()&amp#27;[0m
  &amp#27;[32mThen &amp#27;[0m&amp#27;[32mI should be told &amp#27;[0m&amp#27;[32m&amp#27;[1m"Nope"&amp#27;[0m              &amp#27;[90m# hellocucumber.StepDefinitions.i_should_be_told(java.lang.String)&amp#27;[0m
]]></system-out>
  </testcase>
  <testcase name="Example #1.3" classname="Examples" time="0.003">
    <system-out><![CDATA[
Scenario Outline: Today is or is not Friday &amp#27;[90m# hellocucumber/is_it_friday_yet.feature:13&amp#27;[0m
  &amp#27;[32mGiven &amp#27;[0m&amp#27;[32mtoday is &amp#27;[0m&amp#27;[32m&amp#27;[1m"anything else!"&amp#27;[0m           &amp#27;[90m# hellocucumber.StepDefinitions.today_is(java.lang.String)&amp#27;[0m
  &amp#27;[32mWhen &amp#27;[0m&amp#27;[32mI ask whether it's Friday yet&amp#27;[0m        &amp#27;[90m# hellocucumber.StepDefinitions.i_ask_whether_it_s_Friday_yet()&amp#27;[0m
  &amp#27;[32mThen &amp#27;[0m&amp#27;[32mI should be told &amp#27;[0m&amp#27;[32m&amp#27;[1m"Nope"&amp#27;[0m              &amp#27;[90m# hellocucumber.StepDefinitions.i_should_be_told(java.lang.String)&amp#27;[0m
]]></system-out>
  </testcase>
  <testcase name="Deuce scenario" classname="Tennis Game" time="0.015">
    <failure message="expected: &lt;true&gt; but was: &lt;false&gt;" type="org.opentest4j.AssertionFailedError"><![CDATA[org.opentest4j.AssertionFailedError: expected: <true> but was: <false>
	at hellocucumber.TennisGameSteps.the_game_should_be_in_deuce(TennisGameSteps.java:39)
	at ✽.the game should be in deuce(classpath:hellocucumber/tennis.feature:6)
]]></failure>
    <system-out><![CDATA[
Scenario: Deuce scenario               &amp#27;[90m# hellocucumber/tennis.feature:3&amp#27;[0m
  &amp#27;[32mGiven &amp#27;[0m&amp#27;[32mboth players have a score of &amp#27;[0m&amp#27;[32m&amp#27;[1m3&amp#27;[0m &amp#27;[90m# hellocucumber.TennisGameSteps.both_players_have_a_score_of(java.lang.Integer)&amp#27;[0m
  &amp#27;[32mWhen &amp#27;[0m&amp#27;[32mone player scores a point&amp#27;[0m       &amp#27;[90m# hellocucumber.TennisGameSteps.one_player_scores_a_point()&amp#27;[0m
  &amp#27;[31mThen &amp#27;[0m&amp#27;[31mthe game should be in deuce&amp#27;[0m     &amp#27;[90m# hellocucumber.TennisGameSteps.the_game_should_be_in_deuce()&amp#27;[0m
      &amp#27;[31morg.opentest4j.AssertionFailedError: expected: <true> but was: <false>
	at org.junit.jupiter.api.AssertionFailureBuilder.build(AssertionFailureBuilder.java:151)
	at org.junit.jupiter.api.AssertionFailureBuilder.buildAndThrow(AssertionFailureBuilder.java:132)
	at org.junit.jupiter.api.AssertEquals.failNotEqual(AssertEquals.java:197)
	at org.junit.jupiter.api.AssertEquals.assertEquals(AssertEquals.java:182)
	at org.junit.jupiter.api.AssertEquals.assertEquals(AssertEquals.java:177)
	at org.junit.jupiter.api.Assertions.assertEquals(Assertions.java:1145)
	at hellocucumber.TennisGameSteps.the_game_should_be_in_deuce(TennisGameSteps.java:39)
	at âœ½.the game should be in deuce(classpath:hellocucumber/tennis.feature:6)
&amp#27;[0m
]]></system-out>
  </testcase>
  <testcase name="Advantage scenario" classname="Tennis Game" time="0.052">
    <error message="The step &apos;the other player has a score of 3&apos; and 1 other step(s) are undefined.&#10;You can implement these steps using the snippet(s) below:&#10;&#10;@Given(&quot;the other player has a score of {int}&quot;)&#10;public void the_other_player_has_a_score_of(Integer int1) {&#10;    // Write code here that turns the phrase above into concrete actions&#10;    throw new io.cucumber.java.PendingException();&#10;}&#10;@When(&quot;the leading player scores a point&quot;)&#10;public void the_leading_player_scores_a_point() {&#10;    // Write code here that turns the phrase above into concrete actions&#10;    throw new io.cucumber.java.PendingException();&#10;}&#10;" type="io.cucumber.junit.platform.engine.UndefinedStepException"><![CDATA[io.cucumber.junit.platform.engine.UndefinedStepException: 
The step 'the other player has a score of 3' and 1 other step(s) are undefined.
You can implement these steps using the snippet(s) below:

@Given("the other player has a score of {int}")
public void the_other_player_has_a_score_of(Integer int1) {
    // Write code here that turns the phrase above into concrete actions
    throw new io.cucumber.java.PendingException();
}
@When("the leading player scores a point")
public void the_leading_player_scores_a_point() {
    // Write code here that turns the phrase above into concrete actions
    throw new io.cucumber.java.PendingException();
}

	at io.cucumber.core.runtime.TestCaseResultObserver.assertTestCasePassed(TestCaseResultObserver.java:69)
	at io.cucumber.junit.platform.engine.TestCaseResultObserver.assertTestCasePassed(TestCaseResultObserver.java:22)
	at io.cucumber.junit.platform.engine.CucumberEngineExecutionContext.lambda$runTestCase$4(CucumberEngineExecutionContext.java:114)
	at io.cucumber.core.runtime.CucumberExecutionContext.lambda$runTestCase$5(CucumberExecutionContext.java:136)
	at io.cucumber.core.runtime.RethrowingThrowableCollector.executeAndThrow(RethrowingThrowableCollector.java:23)
	at io.cucumber.core.runtime.CucumberExecutionContext.runTestCase(CucumberExecutionContext.java:136)
	at io.cucumber.junit.platform.engine.CucumberEngineExecutionContext.runTestCase(CucumberEngineExecutionContext.java:109)
	at io.cucumber.junit.platform.engine.NodeDescriptor$PickleDescriptor.execute(NodeDescriptor.java:168)
	at io.cucumber.junit.platform.engine.NodeDescriptor$PickleDescriptor.execute(NodeDescriptor.java:90)
	at java.base/java.util.ArrayList.forEach(ArrayList.java:1511)
	at java.base/java.util.ArrayList.forEach(ArrayList.java:1511)
]]></error>
    <system-out><![CDATA[
Scenario: Advantage scenario                                  &amp#27;[90m# hellocucumber/tennis.feature:8&amp#27;[0m
  &amp#27;[32mGiven &amp#27;[0m&amp#27;[32mone player has a score of &amp#27;[0m&amp#27;[32m&amp#27;[1m4&amp#27;[0m                           &amp#27;[90m# hellocucumber.TennisGameSteps.one_player_has_a_score_of(java.lang.Integer)&amp#27;[0m
  &amp#27;[33mAnd &amp#27;[0m&amp#27;[33mthe other player has a score of 3&amp#27;[0m
  &amp#27;[36mWhen &amp#27;[0m&amp#27;[36mthe leading player scores a point&amp#27;[0m
  &amp#27;[36mThen &amp#27;[0m&amp#27;[36mthe game should be in advantage for the leading player&amp#27;[0m &amp#27;[90m# hellocucumber.TennisGameSteps.the_game_should_be_in_advantage_for_the_leading_player()&amp#27;[0m
]]></system-out>
  </testcase>
  <testcase name="Player wins scenario" classname="Tennis Game" time="0.009">
    <error message="The step &apos;the other player has a score less than 3&apos; and 1 other step(s) are undefined.&#10;You can implement these steps using the snippet(s) below:&#10;&#10;@Given(&quot;the other player has a score less than {int}&quot;)&#10;public void the_other_player_has_a_score_less_than(Integer int1) {&#10;    // Write code here that turns the phrase above into concrete actions&#10;    throw new io.cucumber.java.PendingException();&#10;}&#10;@When(&quot;the leading player scores a point&quot;)&#10;public void the_leading_player_scores_a_point() {&#10;    // Write code here that turns the phrase above into concrete actions&#10;    throw new io.cucumber.java.PendingException();&#10;}&#10;" type="io.cucumber.junit.platform.engine.UndefinedStepException"><![CDATA[io.cucumber.junit.platform.engine.UndefinedStepException: 
The step 'the other player has a score less than 3' and 1 other step(s) are undefined.
You can implement these steps using the snippet(s) below:

@Given("the other player has a score less than {int}")
public void the_other_player_has_a_score_less_than(Integer int1) {
    // Write code here that turns the phrase above into concrete actions
    throw new io.cucumber.java.PendingException();
}
@When("the leading player scores a point")
public void the_leading_player_scores_a_point() {
    // Write code here that turns the phrase above into concrete actions
    throw new io.cucumber.java.PendingException();
}

	at io.cucumber.core.runtime.TestCaseResultObserver.assertTestCasePassed(TestCaseResultObserver.java:69)
	at io.cucumber.junit.platform.engine.TestCaseResultObserver.assertTestCasePassed(TestCaseResultObserver.java:22)
	at io.cucumber.junit.platform.engine.CucumberEngineExecutionContext.lambda$runTestCase$4(CucumberEngineExecutionContext.java:114)
	at io.cucumber.core.runtime.CucumberExecutionContext.lambda$runTestCase$5(CucumberExecutionContext.java:136)
	at io.cucumber.core.runtime.RethrowingThrowableCollector.executeAndThrow(RethrowingThrowableCollector.java:23)
	at io.cucumber.core.runtime.CucumberExecutionContext.runTestCase(CucumberExecutionContext.java:136)
	at io.cucumber.junit.platform.engine.CucumberEngineExecutionContext.runTestCase(CucumberEngineExecutionContext.java:109)
	at io.cucumber.junit.platform.engine.NodeDescriptor$PickleDescriptor.execute(NodeDescriptor.java:168)
	at io.cucumber.junit.platform.engine.NodeDescriptor$PickleDescriptor.execute(NodeDescriptor.java:90)
	at java.base/java.util.ArrayList.forEach(ArrayList.java:1511)
	at java.base/java.util.ArrayList.forEach(ArrayList.java:1511)
]]></error>
    <system-out><![CDATA[
Scenario: Player wins scenario                 &amp#27;[90m# hellocucumber/tennis.feature:14&amp#27;[0m
  &amp#27;[32mGiven &amp#27;[0m&amp#27;[32mone player has a score of &amp#27;[0m&amp#27;[32m&amp#27;[1m4&amp#27;[0m            &amp#27;[90m# hellocucumber.TennisGameSteps.one_player_has_a_score_of(java.lang.Integer)&amp#27;[0m
  &amp#27;[33mAnd &amp#27;[0m&amp#27;[33mthe other player has a score less than 3&amp#27;[0m
  &amp#27;[36mWhen &amp#27;[0m&amp#27;[36mthe leading player scores a point&amp#27;[0m
  &amp#27;[36mThen &amp#27;[0m&amp#27;[36mthe leading player should win the game&amp#27;[0m  &amp#27;[90m# hellocucumber.TennisGameSteps.the_leading_player_should_win_the_game()&amp#27;[0m
]]></system-out>
  </testcase>
</testsuite>